\BOOKMARK [0][-]{chapter.1}{\376\377\000\332\000v\000o\000d}{}% 1
\BOOKMARK [0][-]{chapter.2}{\376\377\000D\001\157\000l\000e\001\176\000i\000t\000\351\000\040\000t\000e\000r\000m\000\355\000n\000y}{}% 2
\BOOKMARK [1][-]{section.2.1}{\376\377\000I\000o\000T\000\040\000-\000\040\000I\000n\000t\000e\000r\000n\000e\000t\000\040\000v\001\033\000c\000\355}{chapter.2}% 3
\BOOKMARK [1][-]{section.2.2}{\376\377\000V\000e\000s\000t\000a\000v\001\033\000n\000\375\000\040\000s\000y\000s\000t\000\351\000m}{chapter.2}% 4
\BOOKMARK [1][-]{section.2.3}{\376\377\000M\000C\000U\000\040\000-\000\040\000m\000i\000k\000r\000o\000k\000o\000n\000t\000r\000o\000l\000\351\000r}{chapter.2}% 5
\BOOKMARK [1][-]{section.2.4}{\376\377\000M\000Q\000T\000T\000\040\000p\000r\000o\000t\000o\000k\000o\000l}{chapter.2}% 6
\BOOKMARK [1][-]{section.2.5}{\376\377\000O\000I\000D\000C}{chapter.2}% 7
\BOOKMARK [1][-]{section.2.6}{\376\377\000J\000S\000O\000N}{chapter.2}% 8
\BOOKMARK [1][-]{section.2.7}{\376\377\000R\000E\000S\000T\000f\000u\000l\000\040\000a\000p\000l\000i\000k\000a\000c\000e}{chapter.2}% 9
\BOOKMARK [0][-]{chapter.3}{\376\377\000S\000o\000u\001\015\000a\000s\000n\000\375\000\040\000s\000t\000a\000v\000\040\000a\000\040\000n\000\341\000v\000r\000h\000\040\001\131\000e\001\141\000e\000n\000\355}{}% 10
\BOOKMARK [1][-]{section.3.1}{\376\377\000N\000\341\000v\000r\000h\000\040\000s\000e\000r\000v\000e\000r\000o\000v\000\351\000\040\001\015\000\341\000s\000t\000i}{chapter.3}% 11
\BOOKMARK [1][-]{section.3.2}{\376\377\000N\000\341\000v\000r\000h\000\040\000d\000a\000t\000a\000b\000\341\000z\000e}{chapter.3}% 12
\BOOKMARK [1][-]{section.3.3}{\376\377\000N\000\341\000v\000r\000h\000\040\000k\000l\000i\000e\000n\000t\000s\000k\000\351\000\040\000a\000p\000l\000i\000k\000a\000c\000e}{chapter.3}% 13
\BOOKMARK [1][-]{section.3.4}{\376\377\000N\000\341\000v\000r\000h\000\040\000H\000W\000\040\000z\000a\001\131\000\355\000z\000e\000n\000\355}{chapter.3}% 14
\BOOKMARK [0][-]{chapter.4}{\376\377\000P\000o\000u\001\176\000i\000t\000\351\000\040\000t\000e\000c\000h\000n\000o\000l\000o\000g\000i\000e\000\040\000a\000\040\000k\000o\000m\000p\000o\000n\000e\000n\000t\000y}{}% 15
\BOOKMARK [1][-]{section.4.1}{\376\377\000S\000e\000r\000v\000e\000r\000o\000v\000\341\000\040\001\015\000\341\000s\000t}{chapter.4}% 16
\BOOKMARK [1][-]{section.4.2}{\376\377\000D\000a\000t\000a\000b\000\341\000z\000o\000v\000\341\000\040\001\015\000\341\000s\000t}{chapter.4}% 17
\BOOKMARK [1][-]{section.4.3}{\376\377\000K\000l\000i\000e\000n\000t\000s\000k\000\341\000\040\000a\000p\000l\000i\000k\000a\000c\000e}{chapter.4}% 18
\BOOKMARK [1][-]{section.4.4}{\376\377\000H\000a\000r\000d\000w\000a\000r\000o\000v\000\341\000\040\001\015\000\341\000s\000t}{chapter.4}% 19
\BOOKMARK [1][-]{section.4.5}{\376\377\000A\000u\000t\000e\000n\000t\000i\000z\000a\001\015\000n\000\355\000/\000a\000u\000t\000o\000r\000i\000z\000a\001\015\000n\000\355\000\040\000s\000l\000u\001\176\000b\000a}{chapter.4}% 20
\BOOKMARK [1][-]{section.4.6}{\376\377\000K\000o\000m\000u\000n\000i\000k\000a\000c\000e\000\040\000p\000o\000m\000o\000c\000\355\000\040\000M\000Q\000T\000T\000\040\000p\000r\000o\000t\000o\000k\000o\000l\000u}{chapter.4}% 21
\BOOKMARK [0][-]{chapter.5}{\376\377\000I\000m\000p\000l\000e\000m\000e\000n\000t\000a\000c\000e}{}% 22
\BOOKMARK [1][-]{section.5.1}{\376\377\000S\000e\000r\000v\000e\000r\000o\000v\000\341\000\040\001\015\000\341\000s\000t}{chapter.5}% 23
\BOOKMARK [1][-]{section.5.2}{\376\377\000D\000a\000t\000a\000b\000\341\000z\000o\000v\000\341\000\040\001\015\000\341\000s\000t}{chapter.5}% 24
\BOOKMARK [1][-]{section.5.3}{\376\377\000K\000l\000i\000e\000n\000t\000s\000k\000\341\000\040\001\015\000\341\000s\000t}{chapter.5}% 25
\BOOKMARK [1][-]{section.5.4}{\376\377\000H\000W\000\040\001\015\000\341\000s\000t}{chapter.5}% 26
\BOOKMARK [0][-]{chapter.6}{\376\377\000T\000e\000s\000t\000o\000v\000\341\000n\000\355}{}% 27
\BOOKMARK [1][-]{section.6.1}{\376\377\000U\001\176\000i\000v\000a\000t\000e\000l\000s\000k\000\351\000\040\000r\000o\000z\000h\000r\000a\000n\000\355}{chapter.6}% 28
\BOOKMARK [1][-]{section.6.2}{\376\377\000K\000o\000m\000p\000l\000e\000t\000n\000\355\000\040\000s\000y\000s\000t\000\351\000m\000\040\000v\000\040\000p\000r\000a\000x\000i}{chapter.6}% 29
\BOOKMARK [1][-]{section.6.3}{\376\377\000N\000\341\000v\000r\000h\000\040\000b\000u\000d\000o\000u\000c\000\355\000c\000h\000\040\000v\000y\000l\000e\000p\001\141\000e\000n\000\355}{chapter.6}% 30
\BOOKMARK [0][-]{chapter.7}{\376\377\000Z\000\341\000v\001\033\000r}{}% 31
\BOOKMARK [0][-]{chapter*.77}{\376\377\000L\000i\000t\000e\000r\000a\000t\000u\000r\000a}{}% 32
\BOOKMARK [0][-]{appendix.A}{\376\377\000D\000e\000t\000a\000i\000l\000n\000\355\000\040\000v\000z\000h\000l\000e\000d\000\040\000a\000p\000l\000i\000k\000a\000c\000e}{}% 33
\BOOKMARK [0][-]{appendix.B}{\376\377\000T\000e\000s\000t\000o\000v\000a\000c\000\355\000\040\000z\000a\001\131\000\355\000z\000e\000n\000\355}{}% 34
