This is pdfTeX, Version 3.14159265-2.6-1.40.20 (TeX Live 2019) (preloaded format=pdflatex 2020.5.4)  4 JUN 2020 14:19
entering extended mode
 restricted \write18 enabled.
 %&-line parsing enabled.
**xbarto96
(./xbarto96.tex
LaTeX2e <2018-12-01>
(./fitthesis.cls
Document Class: fitthesis 2017/11/07 Sablona pro BP/DP
(/usr/share/texlive/texmf-dist/tex/latex/base/report.cls
Document Class: report 2018/09/03 v1.4i Standard LaTeX document class
(/usr/share/texlive/texmf-dist/tex/latex/base/size11.clo
File: size11.clo 2018/09/03 v1.4i Standard LaTeX file (size option)
)
\c@part=\count80
\c@chapter=\count81
\c@section=\count82
\c@subsection=\count83
\c@subsubsection=\count84
\c@paragraph=\count85
\c@subparagraph=\count86
\c@figure=\count87
\c@table=\count88
\abovecaptionskip=\skip41
\belowcaptionskip=\skip42
\bibindent=\dimen102
)
(/usr/share/texlive/texmf-dist/tex/latex/amsmath/amsmath.sty
Package: amsmath 2018/12/01 v2.17b AMS math features
\@mathmargin=\skip43

For additional information on amsmath, use the `?' option.
(/usr/share/texlive/texmf-dist/tex/latex/amsmath/amstext.sty
Package: amstext 2000/06/29 v2.01 AMS text

(/usr/share/texlive/texmf-dist/tex/latex/amsmath/amsgen.sty
File: amsgen.sty 1999/11/30 v2.0 generic functions
\@emptytoks=\toks14
\ex@=\dimen103
))
(/usr/share/texlive/texmf-dist/tex/latex/amsmath/amsbsy.sty
Package: amsbsy 1999/11/29 v1.2d Bold Symbols
\pmbraise@=\dimen104
)
(/usr/share/texlive/texmf-dist/tex/latex/amsmath/amsopn.sty
Package: amsopn 2016/03/08 v2.02 operator names
)
\inf@bad=\count89
LaTeX Info: Redefining \frac on input line 223.
\uproot@=\count90
\leftroot@=\count91
LaTeX Info: Redefining \overline on input line 385.
\classnum@=\count92
\DOTSCASE@=\count93
LaTeX Info: Redefining \ldots on input line 482.
LaTeX Info: Redefining \dots on input line 485.
LaTeX Info: Redefining \cdots on input line 606.
\Mathstrutbox@=\box27
\strutbox@=\box28
\big@size=\dimen105
LaTeX Font Info:    Redeclaring font encoding OML on input line 729.
LaTeX Font Info:    Redeclaring font encoding OMS on input line 730.
\macc@depth=\count94
\c@MaxMatrixCols=\count95
\dotsspace@=\muskip10
\c@parentequation=\count96
\dspbrk@lvl=\count97
\tag@help=\toks15
\row@=\count98
\column@=\count99
\maxfields@=\count100
\andhelp@=\toks16
\eqnshift@=\dimen106
\alignsep@=\dimen107
\tagshift@=\dimen108
\tagwidth@=\dimen109
\totwidth@=\dimen110
\lineht@=\dimen111
\@envbody=\toks17
\multlinegap=\skip44
\multlinetaggap=\skip45
\mathdisplay@stack=\toks18
LaTeX Info: Redefining \[ on input line 2844.
LaTeX Info: Redefining \] on input line 2845.
)
(/usr/share/texlive/texmf-dist/tex/latex/amsfonts/amssymb.sty
Package: amssymb 2013/01/14 v3.01 AMS font symbols

(/usr/share/texlive/texmf-dist/tex/latex/amsfonts/amsfonts.sty
Package: amsfonts 2013/01/14 v3.01 Basic AMSFonts support
\symAMSa=\mathgroup4
\symAMSb=\mathgroup5
LaTeX Font Info:    Overwriting math alphabet `\mathfrak' in version `bold'
(Font)                  U/euf/m/n --> U/euf/b/n on input line 106.
))
(/usr/share/texlive/texmf-dist/tex/generic/babel/babel.sty
Package: babel 2019/07/19 3.33 The Babel package

(/usr/share/texlive/texmf-dist/tex/generic/babel/switch.def
File: switch.def 2019/07/19 3.33 Babel switching mechanism
)
(/usr/share/texlive/texmf-dist/tex/generic/babel-czech/czech.ldf
Language: czech 2008/07/06 v3.1a Czech support from the babel system

(/usr/share/texlive/texmf-dist/tex/generic/babel/babel.def
File: babel.def 2019/07/19 3.33 Babel common definitions
\babel@savecnt=\count101
\U@D=\dimen112

(/usr/share/texlive/texmf-dist/tex/generic/babel/txtbabel.def)
\bbl@dirlevel=\count102
)

Package babel Warning: No hyphenation patterns were preloaded for
(babel)                the language `Czech' into the format.
(babel)                Please, configure your TeX system to add them and
(babel)                rebuild the format. Now I will use the patterns
(babel)                preloaded for english instead on input line 53.

\l@czech = a dialect from \language0
Package babel Info: Making " an active character on input line 172.
\cs@wordlen=\count103
Package babel Info: Making - an active character on input line 226.
) (/usr/share/texlive/texmf-dist/tex/generic/babel-slovak/slovak.ldf
Language: slovak 2008/07/06 v3.1a Slovak support from the babel system


Package babel Warning: No hyphenation patterns were preloaded for
(babel)                the language `Slovak' into the format.
(babel)                Please, configure your TeX system to add them and
(babel)                rebuild the format. Now I will use the patterns
(babel)                preloaded for english instead on input line 56.

\l@slovak = a dialect from \language0
Package babel Info: Making ^ an active character on input line 123.
Package babel Info: Making ' an active character on input line 129.
LaTeX Info: Redefining \uv on input line 278.
\cs@wordlen=\count104
) (/usr/share/texlive/texmf-dist/tex/generic/babel-english/english.ldf
Language: english 2017/06/06 v3.3r English support from the babel system
\l@british = a dialect from \language\l@english 
\l@UKenglish = a dialect from \language\l@english 
\l@canadian = a dialect from \language\l@american 
\l@australian = a dialect from \language\l@british 
\l@newzealand = a dialect from \language\l@british 
))
(/usr/share/texlive/texmf-dist/tex/latex/base/inputenc.sty
Package: inputenc 2018/08/11 v1.3c Input encoding file
\inpenc@prehook=\toks19
\inpenc@posthook=\toks20
)
(/usr/share/texlive/texmf-dist/tex/latex/cmap/cmap.sty
Package: cmap 2008/03/06 v1.0h CMap support: searchable PDF
)
(/usr/share/texlive/texmf-dist/tex/latex/base/fontenc.sty
Package: fontenc 2018/08/11 v2.0j Standard LaTeX package

(/usr/share/texlive/texmf-dist/tex/latex/base/t1enc.def
File: t1enc.def 2018/08/11 v2.0j Standard LaTeX file
LaTeX Font Info:    Redeclaring font encoding T1 on input line 48.
)<<t1.cmap>>)
(/usr/share/texlive/texmf-dist/tex/latex/url/url.sty
\Urlmuskip=\muskip11
Package: url 2013/09/16  ver 3.4  Verb mode for urls, etc.
)
(/usr/share/texlive/texmf-dist/tex/latex/ragged2e/ragged2e.sty
Package: ragged2e 2019/07/28 v2.2 ragged2e Package (MS)

(/usr/share/texlive/texmf-dist/tex/latex/ms/everysel.sty
Package: everysel 2011/10/28 v1.2 EverySelectfont Package (MS)
)
\CenteringLeftskip=\skip46
\RaggedLeftLeftskip=\skip47
\RaggedRightLeftskip=\skip48
\CenteringRightskip=\skip49
\RaggedLeftRightskip=\skip50
\RaggedRightRightskip=\skip51
\CenteringParfillskip=\skip52
\RaggedLeftParfillskip=\skip53
\RaggedRightParfillskip=\skip54
\JustifyingParfillskip=\skip55
\CenteringParindent=\skip56
\RaggedLeftParindent=\skip57
\RaggedRightParindent=\skip58
\JustifyingParindent=\skip59
)
(/usr/share/texlive/texmf-dist/tex/latex/graphics/color.sty
Package: color 2016/07/10 v1.1e Standard LaTeX Color (DPC)

(/usr/share/texlive/texmf-dist/tex/latex/graphics-cfg/color.cfg
File: color.cfg 2016/01/02 v1.6 sample color configuration
)
Package color Info: Driver file: pdftex.def on input line 147.

(/usr/share/texlive/texmf-dist/tex/latex/graphics-def/pdftex.def
File: pdftex.def 2018/01/08 v1.0l Graphics/color driver for pdftex
))
(/usr/share/texlive/texmf-dist/tex/latex/etoolbox/etoolbox.sty
Package: etoolbox 2018/08/19 v2.5f e-TeX tools for LaTeX (JAW)
\etb@tempcnta=\count105
)
(/usr/share/texlive/texmf-dist/tex/latex/enumitem/enumitem.sty
Package: enumitem 2019/06/20 v3.9 Customized lists
\enitkv@toks@=\toks21
\labelindent=\skip60
\enit@outerparindent=\dimen113
\enit@toks=\toks22
\enit@inbox=\box29
\enit@count@id=\count106
\enitdp@description=\count107
)
(/usr/share/texlive/texmf-dist/tex/latex/pdfpages/pdfpages.sty
Package: pdfpages 2017/10/31 v0.5l Insert pages of external PDF documents (AM)

(/usr/share/texlive/texmf-dist/tex/latex/base/ifthen.sty
Package: ifthen 2014/09/29 v1.1c Standard LaTeX ifthen package (DPC)
)
(/usr/share/texlive/texmf-dist/tex/latex/tools/calc.sty
Package: calc 2017/05/25 v4.3 Infix arithmetic (KKT,FJ)
\calc@Acount=\count108
\calc@Bcount=\count109
\calc@Adimen=\dimen114
\calc@Bdimen=\dimen115
\calc@Askip=\skip61
\calc@Bskip=\skip62
LaTeX Info: Redefining \setlength on input line 80.
LaTeX Info: Redefining \addtolength on input line 81.
\calc@Ccount=\count110
\calc@Cskip=\skip63
)
(/usr/share/texlive/texmf-dist/tex/latex/eso-pic/eso-pic.sty
Package: eso-pic 2018/04/12 v2.0h eso-pic (RN)

(/usr/share/texlive/texmf-dist/tex/generic/oberdiek/atbegshi.sty
Package: atbegshi 2016/06/09 v1.18 At begin shipout hook (HO)

(/usr/share/texlive/texmf-dist/tex/generic/oberdiek/infwarerr.sty
Package: infwarerr 2016/05/16 v1.4 Providing info/warning/error messages (HO)
)
(/usr/share/texlive/texmf-dist/tex/generic/oberdiek/ltxcmds.sty
Package: ltxcmds 2016/05/16 v1.23 LaTeX kernel commands for general use (HO)
)
(/usr/share/texlive/texmf-dist/tex/generic/oberdiek/ifpdf.sty
Package: ifpdf 2018/09/07 v3.3 Provides the ifpdf switch
))
(/usr/share/texlive/texmf-dist/tex/latex/graphics/keyval.sty
Package: keyval 2014/10/28 v1.15 key=value parser (DPC)
\KV@toks@=\toks23
))
(/usr/share/texlive/texmf-dist/tex/latex/graphics/graphicx.sty
Package: graphicx 2017/06/01 v1.1a Enhanced LaTeX Graphics (DPC,SPQR)

(/usr/share/texlive/texmf-dist/tex/latex/graphics/graphics.sty
Package: graphics 2017/06/25 v1.2c Standard LaTeX Graphics (DPC,SPQR)

(/usr/share/texlive/texmf-dist/tex/latex/graphics/trig.sty
Package: trig 2016/01/03 v1.10 sin cos tan (DPC)
)
(/usr/share/texlive/texmf-dist/tex/latex/graphics-cfg/graphics.cfg
File: graphics.cfg 2016/06/04 v1.11 sample graphics configuration
)
Package graphics Info: Driver file: pdftex.def on input line 99.
)
\Gin@req@height=\dimen116
\Gin@req@width=\dimen117
)
\AM@pagewidth=\dimen118
\AM@pageheight=\dimen119

(/usr/share/texlive/texmf-dist/tex/latex/pdfpages/pppdftex.def
File: pppdftex.def 2017/10/31 v0.5l Pdfpages driver for pdfTeX (AM)
)
\AM@pagebox=\box30
\AM@global@opts=\toks24
\AM@toc@title=\toks25
\c@AM@survey=\count111
\AM@templatesizebox=\box31
)
\mkspc=\skip64
\DESCRIPTION@totalleftmargin=\skip65
\DESCRIPTION@linewidth=\skip66

(/usr/share/texlive/texmf-dist/tex/latex/opensans/opensans.sty
Package: opensans 2019/06/20 Style file for Open Sans.

(/usr/share/texlive/texmf-dist/tex/latex/fontaxes/fontaxes.sty
Package: fontaxes 2014/03/23 v1.0d Font selection axes
LaTeX Info: Redefining \upshape on input line 29.
LaTeX Info: Redefining \itshape on input line 31.
LaTeX Info: Redefining \slshape on input line 33.
LaTeX Info: Redefining \scshape on input line 37.
)
(/usr/share/texlive/texmf-dist/tex/generic/oberdiek/ifluatex.sty
Package: ifluatex 2016/05/16 v1.4 Provides the ifluatex switch (HO)
Package ifluatex Info: LuaTeX not detected.
)
(/usr/share/texlive/texmf-dist/tex/generic/ifxetex/ifxetex.sty
Package: ifxetex 2010/09/12 v0.6 Provides ifxetex conditional
)
(/usr/share/texlive/texmf-dist/tex/latex/xkeyval/xkeyval.sty
Package: xkeyval 2014/12/03 v2.7a package option processing (HA)

(/usr/share/texlive/texmf-dist/tex/generic/xkeyval/xkeyval.tex
(/usr/share/texlive/texmf-dist/tex/generic/xkeyval/xkvutils.tex
\XKV@toks=\toks26
\XKV@tempa@toks=\toks27
)
\XKV@depth=\count112
File: xkeyval.tex 2014/12/03 v2.7a key=value parser (HA)
)))
(/usr/share/texlive/texmf-dist/tex/latex/float/float.sty
Package: float 2001/11/08 v1.3d Float enhancements (AL)
\c@float@type=\count113
\float@exts=\toks28
\float@box=\box32
\@float@everytoks=\toks29
\@floatcapt=\box33
)
(/usr/share/texlive/texmf-dist/tex/latex/tools/longtable.sty
Package: longtable 2014/10/28 v4.11 Multi-page Table package (DPC)+ FMi change
\LTleft=\skip67
\LTright=\skip68
\LTpre=\skip69
\LTpost=\skip70
\LTchunksize=\count114
\LTcapwidth=\dimen120
\LT@head=\box34
\LT@firsthead=\box35
\LT@foot=\box36
\LT@lastfoot=\box37
\LT@cols=\count115
\LT@rows=\count116
\c@LT@tables=\count117
\c@LT@chunks=\count118
\LT@p@ftn=\toks30
)
(/usr/share/texlive/texmf-dist/tex/latex/booktabs/booktabs.sty
Package: booktabs 2016/04/27 v1.618033 publication quality tables
\heavyrulewidth=\dimen121
\lightrulewidth=\dimen122
\cmidrulewidth=\dimen123
\belowrulesep=\dimen124
\belowbottomsep=\dimen125
\aboverulesep=\dimen126
\abovetopsep=\dimen127
\cmidrulesep=\dimen128
\cmidrulekern=\dimen129
\defaultaddspace=\dimen130
\@cmidla=\count119
\@cmidlb=\count120
\@aboverulesep=\dimen131
\@belowrulesep=\dimen132
\@thisruleclass=\count121
\@lastruleclass=\count122
\@thisrulewidth=\dimen133
)
(/usr/share/texlive/texmf-dist/tex/latex/xcolor/xcolor.sty
Package: xcolor 2016/05/11 v2.12 LaTeX color extensions (UK)

(/usr/share/texlive/texmf-dist/tex/latex/graphics-cfg/color.cfg
File: color.cfg 2016/01/02 v1.6 sample color configuration
)
Package xcolor Info: Driver file: pdftex.def on input line 225.
LaTeX Info: Redefining \color on input line 709.
Package xcolor Info: Model `cmy' substituted by `cmy0' on input line 1348.
Package xcolor Info: Model `hsb' substituted by `rgb' on input line 1352.
Package xcolor Info: Model `RGB' extended on input line 1364.
Package xcolor Info: Model `HTML' substituted by `rgb' on input line 1366.
Package xcolor Info: Model `Hsb' substituted by `hsb' on input line 1367.
Package xcolor Info: Model `tHsb' substituted by `hsb' on input line 1368.
Package xcolor Info: Model `HSB' substituted by `hsb' on input line 1369.
Package xcolor Info: Model `Gray' substituted by `gray' on input line 1370.
Package xcolor Info: Model `wave' substituted by `hsb' on input line 1371.
)
(/usr/share/texlive/texmf-dist/tex/latex/colortbl/colortbl.sty
Package: colortbl 2018/12/12 v1.0d Color table columns (DPC)

(/usr/share/texlive/texmf-dist/tex/latex/tools/array.sty
Package: array 2018/12/30 v2.4k Tabular extension package (FMi)
\col@sep=\dimen134
\ar@mcellbox=\box38
\extrarowheight=\dimen135
\NC@list=\toks31
\extratabsurround=\skip71
\backup@length=\skip72
\ar@cellbox=\box39
)
\everycr=\toks32
\minrowclearance=\skip73
)
(/usr/share/texlive/texmf-dist/tex/latex/multirow/multirow.sty
Package: multirow 2019/05/31 v2.5 Span multiple rows of a table
\multirow@colwidth=\skip74
\multirow@cntb=\count123
\multirow@dima=\skip75
\bigstrutjot=\dimen136
)
(/usr/share/texlive/texmf-dist/tex/latex/tools/tabularx.sty
Package: tabularx 2016/02/03 v2.11b `tabularx' package (DPC)
\TX@col@width=\dimen137
\TX@old@table=\dimen138
\TX@old@col=\dimen139
\TX@target=\dimen140
\TX@delta=\dimen141
\TX@cols=\count124
\TX@ftn=\toks33
)
(/usr/share/texlive/texmf-dist/tex/latex/blindtext/blindtext.sty
Package: blindtext 2012/01/06 V2.0 blindtext-Package

(/usr/share/texlive/texmf-dist/tex/latex/tools/xspace.sty
Package: xspace 2014/10/28 v1.13 Space after command names (DPC,MH)
)
\c@blindtext=\count125
\c@Blindtext=\count126
\c@blind@countparstart=\count127
\blind@countxx=\count128
\blindtext@numBlindtext=\count129
\blind@countyy=\count130
\c@blindlist=\count131
\c@blindlistlevel=\count132
\c@blindlist@level=\count133
\blind@listitem=\count134
\c@blind@listcount=\count135
\c@blind@levelcount=\count136
\blind@mathformula=\count137
\blind@Mathformula=\count138
\c@blind@randomcount=\count139
\c@blind@randommax=\count140
\c@blind@pangramcount=\count141
\c@blind@pangrammax=\count142
)
(/usr/share/texlive/texmf-dist/tex/latex/listings/listings.sty
\lst@mode=\count143
\lst@gtempboxa=\box40
\lst@token=\toks34
\lst@length=\count144
\lst@currlwidth=\dimen142
\lst@column=\count145
\lst@pos=\count146
\lst@lostspace=\dimen143
\lst@width=\dimen144
\lst@newlines=\count147
\lst@lineno=\count148
\lst@maxwidth=\dimen145

(/usr/share/texlive/texmf-dist/tex/latex/listings/lstmisc.sty
File: lstmisc.sty 2019/02/27 1.8b (Carsten Heinz)
\c@lstnumber=\count149
\lst@skipnumbers=\count150
\lst@framebox=\box41
)
(/usr/share/texlive/texmf-dist/tex/latex/listings/listings.cfg
File: listings.cfg 2019/02/27 1.8b listings configuration
))
Package: listings 2019/02/27 1.8b (Carsten Heinz)

(/usr/share/texlive/texmf-dist/tex/latex/appendix/appendix.sty
Package: appendix 2009/09/02 v1.2b extra appendix facilities
\c@@pps=\count151
\c@@ppsavesec=\count152
\c@@ppsaveapp=\count153
)
(/usr/share/texlive/texmf-dist/tex/latex/titlesec/titletoc.sty
Package: titletoc 2019/07/16 v2.11 TOC entries
\ttl@leftsep=\dimen146
)
(/usr/share/texlive/texmf-dist/tex/latex/ae/ae.sty
Package: ae 2001/02/12 1.3 Almost European Computer Modern

(/usr/share/texlive/texmf-dist/tex/latex/base/fontenc.sty
Package: fontenc 2018/08/11 v2.0j Standard LaTeX package

(/usr/share/texlive/texmf-dist/tex/latex/base/t1enc.def
File: t1enc.def 2018/08/11 v2.0j Standard LaTeX file
LaTeX Font Info:    Redeclaring font encoding T1 on input line 48.
)
LaTeX Font Info:    Try loading font information for T1+aer on input line 105.

(/usr/share/texlive/texmf-dist/tex/latex/ae/t1aer.fd
File: t1aer.fd 1997/11/16 Font definitions for T1/aer.
)))
(/usr/share/texlive/texmf-dist/tex/latex/regexpatch/regexpatch.sty
(/usr/share/texlive/texmf-dist/tex/latex/l3kernel/expl3.sty
Package: expl3 2019-07-25 L3 programming layer (loader) 

(/usr/share/texlive/texmf-dist/tex/latex/l3kernel/expl3-code.tex
Package: expl3 2019-07-25 L3 programming layer (code)
\c_max_int=\count154
\l_tmpa_int=\count155
\l_tmpb_int=\count156
\g_tmpa_int=\count157
\g_tmpb_int=\count158
\g__kernel_prg_map_int=\count159
\c__ior_term_ior=\count160
\c_log_iow=\count161
\l_iow_line_count_int=\count162
\l__iow_line_target_int=\count163
\l__iow_one_indent_int=\count164
\l__iow_indent_int=\count165
\c_zero_dim=\dimen147
\c_max_dim=\dimen148
\l_tmpa_dim=\dimen149
\l_tmpb_dim=\dimen150
\g_tmpa_dim=\dimen151
\g_tmpb_dim=\dimen152
\c_zero_skip=\skip76
\c_max_skip=\skip77
\l_tmpa_skip=\skip78
\l_tmpb_skip=\skip79
\g_tmpa_skip=\skip80
\g_tmpb_skip=\skip81
\c_zero_muskip=\muskip12
\c_max_muskip=\muskip13
\l_tmpa_muskip=\muskip14
\l_tmpb_muskip=\muskip15
\g_tmpa_muskip=\muskip16
\g_tmpb_muskip=\muskip17
\l_keys_choice_int=\count166
\l__intarray_loop_int=\count167
\c__intarray_sp_dim=\dimen153
\g__intarray_font_int=\count168
\c__fp_leading_shift_int=\count169
\c__fp_middle_shift_int=\count170
\c__fp_trailing_shift_int=\count171
\c__fp_big_leading_shift_int=\count172
\c__fp_big_middle_shift_int=\count173
\c__fp_big_trailing_shift_int=\count174
\c__fp_Bigg_leading_shift_int=\count175
\c__fp_Bigg_middle_shift_int=\count176
\c__fp_Bigg_trailing_shift_int=\count177
\c__kernel_randint_max_int=\count178
\g__fp_array_int=\count179
\l__fp_array_loop_int=\count180
\l__sort_length_int=\count181
\l__sort_min_int=\count182
\l__sort_top_int=\count183
\l__sort_max_int=\count184
\l__sort_true_max_int=\count185
\l__sort_block_int=\count186
\l__sort_begin_int=\count187
\l__sort_end_int=\count188
\l__sort_A_int=\count189
\l__sort_B_int=\count190
\l__sort_C_int=\count191
\l__str_internal_int=\count192
\c__str_replacement_char_int=\count193
\l__tl_analysis_normal_int=\count194
\l__tl_analysis_index_int=\count195
\l__tl_analysis_nesting_int=\count196
\l__tl_analysis_type_int=\count197
\l__regex_internal_a_int=\count198
\l__regex_internal_b_int=\count199
\l__regex_internal_c_int=\count266
\l__regex_balance_int=\count267
\l__regex_group_level_int=\count268
\l__regex_mode_int=\count269
\c__regex_cs_in_class_mode_int=\count270
\c__regex_cs_mode_int=\count271
\l__regex_catcodes_int=\count272
\l__regex_default_catcodes_int=\count273
\c__regex_catcode_D_int=\count274
\c__regex_catcode_S_int=\count275
\c__regex_catcode_L_int=\count276
\c__regex_catcode_O_int=\count277
\c__regex_catcode_A_int=\count278
\c__regex_all_catcodes_int=\count279
\l__regex_show_lines_int=\count280
\l__regex_min_state_int=\count281
\l__regex_max_state_int=\count282
\l__regex_left_state_int=\count283
\l__regex_right_state_int=\count284
\l__regex_capturing_group_int=\count285
\l__regex_min_pos_int=\count286
\l__regex_max_pos_int=\count287
\l__regex_curr_pos_int=\count288
\l__regex_start_pos_int=\count289
\l__regex_success_pos_int=\count290
\l__regex_curr_char_int=\count291
\l__regex_curr_catcode_int=\count292
\l__regex_last_char_int=\count293
\l__regex_case_changed_char_int=\count294
\l__regex_curr_state_int=\count295
\l__regex_step_int=\count296
\l__regex_min_active_int=\count297
\l__regex_max_active_int=\count298
\l__regex_replacement_csnames_int=\count299
\l__regex_match_count_int=\count300
\l__regex_min_submatch_int=\count301
\l__regex_submatch_int=\count302
\l__regex_zeroth_submatch_int=\count303
\g__regex_trace_regex_int=\count304
\c_empty_box=\box42
\l_tmpa_box=\box43
\l_tmpb_box=\box44
\g_tmpa_box=\box45
\g_tmpb_box=\box46
\l__box_top_dim=\dimen154
\l__box_bottom_dim=\dimen155
\l__box_left_dim=\dimen156
\l__box_right_dim=\dimen157
\l__box_top_new_dim=\dimen158
\l__box_bottom_new_dim=\dimen159
\l__box_left_new_dim=\dimen160
\l__box_right_new_dim=\dimen161
\l__box_internal_box=\box47
\l__coffin_internal_box=\box48
\l__coffin_internal_dim=\dimen162
\l__coffin_offset_x_dim=\dimen163
\l__coffin_offset_y_dim=\dimen164
\l__coffin_x_dim=\dimen165
\l__coffin_y_dim=\dimen166
\l__coffin_x_prime_dim=\dimen167
\l__coffin_y_prime_dim=\dimen168
\c_empty_coffin=\box49
\l__coffin_aligned_coffin=\box50
\l__coffin_aligned_internal_coffin=\box51
\l_tmpa_coffin=\box52
\l_tmpb_coffin=\box53
\g_tmpa_coffin=\box54
\g_tmpb_coffin=\box55
\l__coffin_bounding_shift_dim=\dimen169
\l__coffin_left_corner_dim=\dimen170
\l__coffin_right_corner_dim=\dimen171
\l__coffin_bottom_corner_dim=\dimen172
\l__coffin_top_corner_dim=\dimen173
\l__coffin_scaled_total_height_dim=\dimen174
\l__coffin_scaled_width_dim=\dimen175
\c__coffin_empty_coffin=\box56
\l__coffin_display_coffin=\box57
\l__coffin_display_coord_coffin=\box58
\l__coffin_display_pole_coffin=\box59
\l__coffin_display_offset_dim=\dimen176
\l__coffin_display_x_dim=\dimen177
\l__coffin_display_y_dim=\dimen178
\g__file_internal_ior=\read1
\l__seq_internal_a_int=\count305
\l__seq_internal_b_int=\count306
)
(/usr/share/texlive/texmf-dist/tex/latex/l3backend/l3backend-pdfmode.def
File: l3backend-pdfmode.def 2019-04-06 v L3 backend support: PDF mode
\l__kernel_color_stack_int=\count307
\l__pdf_internal_box=\box60
))
Package: regexpatch 2018/05/02 v0.2d Extending etoolbox patching commands

(/usr/share/texlive/texmf-dist/tex/latex/l3packages/xparse/xparse.sty
Package: xparse 2019-05-28 L3 Experimental document command parser
\l__xparse_current_arg_int=\count308
\g__xparse_grabber_int=\count309
\l__xparse_m_args_int=\count310
\l__xparse_v_nesting_int=\count311
)))
(/usr/share/texlive/texmf-dist/tex/latex/caption/subcaption.sty
Package: subcaption 2018/05/01 v1.1-162 Sub-captions (AR)

(/usr/share/texlive/texmf-dist/tex/latex/caption/caption.sty
Package: caption 2018/10/06 v3.3-154 Customizing captions (AR)

(/usr/share/texlive/texmf-dist/tex/latex/caption/caption3.sty
Package: caption3 2018/09/12 v1.8c caption3 kernel (AR)
Package caption3 Info: TeX engine: e-TeX on input line 64.
\captionmargin=\dimen179
\captionmargin@=\dimen180
\captionwidth=\dimen181
\caption@tempdima=\dimen182
\caption@indent=\dimen183
\caption@parindent=\dimen184
\caption@hangindent=\dimen185
)
\c@caption@flags=\count312
\c@ContinuedFloat=\count313
Package caption Info: float package is loaded.
Package caption Info: listings package is loaded.
Package caption Info: longtable package is loaded.

(/usr/share/texlive/texmf-dist/tex/latex/caption/ltcaption.sty
Package: ltcaption 2018/08/26 v1.4-95 longtable captions (AR)
))
\c@subfigure=\count314
\c@subtable=\count315
)
(/usr/share/texlive/texmf-dist/tex/latex/hyperref/hyperref.sty
Package: hyperref 2019/06/12 v6.88h Hypertext links for LaTeX

(/usr/share/texlive/texmf-dist/tex/generic/oberdiek/hobsub-hyperref.sty
Package: hobsub-hyperref 2016/05/16 v1.14 Bundle oberdiek, subset hyperref (HO)


(/usr/share/texlive/texmf-dist/tex/generic/oberdiek/hobsub-generic.sty
Package: hobsub-generic 2016/05/16 v1.14 Bundle oberdiek, subset generic (HO)
Package: hobsub 2016/05/16 v1.14 Construct package bundles (HO)
Package hobsub Info: Skipping package `infwarerr' (already loaded).
Package hobsub Info: Skipping package `ltxcmds' (already loaded).
Package hobsub Info: Skipping package `ifluatex' (already loaded).
Package: ifvtex 2016/05/16 v1.6 Detect VTeX and its facilities (HO)
Package ifvtex Info: VTeX not detected.
Package: intcalc 2016/05/16 v1.2 Expandable calculations with integers (HO)
Package hobsub Info: Skipping package `ifpdf' (already loaded).
Package: etexcmds 2016/05/16 v1.6 Avoid name clashes with e-TeX commands (HO)
Package: kvsetkeys 2016/05/16 v1.17 Key value parser (HO)
Package: kvdefinekeys 2016/05/16 v1.4 Define keys (HO)
Package: pdftexcmds 2018/09/10 v0.29 Utility functions of pdfTeX for LuaTeX (HO
)
Package pdftexcmds Info: LuaTeX not detected.
Package pdftexcmds Info: \pdf@primitive is available.
Package pdftexcmds Info: \pdf@ifprimitive is available.
Package pdftexcmds Info: \pdfdraftmode found.
Package: pdfescape 2016/05/16 v1.14 Implements pdfTeX's escape features (HO)
Package: bigintcalc 2016/05/16 v1.4 Expandable calculations on big integers (HO
)
Package: bitset 2016/05/16 v1.2 Handle bit-vector datatype (HO)
Package: uniquecounter 2016/05/16 v1.3 Provide unlimited unique counter (HO)
)
Package hobsub Info: Skipping package `hobsub' (already loaded).
Package: letltxmacro 2016/05/16 v1.5 Let assignment for LaTeX macros (HO)
Package: hopatch 2016/05/16 v1.3 Wrapper for package hooks (HO)
Package: xcolor-patch 2016/05/16 xcolor patch
Package: atveryend 2016/05/16 v1.9 Hooks at the very end of document (HO)
Package hobsub Info: Skipping package `atbegshi' (already loaded).
Package: refcount 2016/05/16 v3.5 Data extraction from label references (HO)
Package: hycolor 2016/05/16 v1.8 Color options for hyperref/bookmark (HO)
)
(/usr/share/texlive/texmf-dist/tex/latex/oberdiek/auxhook.sty
Package: auxhook 2016/05/16 v1.4 Hooks for auxiliary files (HO)
)
(/usr/share/texlive/texmf-dist/tex/latex/oberdiek/kvoptions.sty
Package: kvoptions 2016/05/16 v3.12 Key value format for package options (HO)
)
\@linkdim=\dimen186
\Hy@linkcounter=\count316
\Hy@pagecounter=\count317

(/usr/share/texlive/texmf-dist/tex/latex/hyperref/pd1enc.def
File: pd1enc.def 2019/06/12 v6.88h Hyperref: PDFDocEncoding definition (HO)
Now handling font encoding PD1 ...
... no UTF-8 mapping file for font encoding PD1
)
\Hy@SavedSpaceFactor=\count318

(/usr/share/texlive/texmf-dist/tex/latex/latexconfig/hyperref.cfg
File: hyperref.cfg 2002/06/06 v1.2 hyperref configuration of TeXLive
)
Package hyperref Info: Option `unicode' set `true' on input line 4424.

(/usr/share/texlive/texmf-dist/tex/latex/hyperref/puenc.def
File: puenc.def 2019/06/12 v6.88h Hyperref: PDF Unicode definition (HO)
Now handling font encoding PU ...
... no UTF-8 mapping file for font encoding PU
)
Package hyperref Info: Option `colorlinks' set `true' on input line 4424.
Package hyperref Info: Option `hyperindex' set `true' on input line 4424.
Package hyperref Info: Option `plainpages' set `false' on input line 4424.
Package hyperref Info: Hyper figures OFF on input line 4550.
Package hyperref Info: Link nesting OFF on input line 4555.
Package hyperref Info: Hyper index ON on input line 4558.
Package hyperref Info: Plain pages OFF on input line 4565.
Package hyperref Info: Backreferencing OFF on input line 4570.
Package hyperref Info: Implicit mode ON; LaTeX internals redefined.
Package hyperref Info: Bookmarks ON on input line 4803.
\c@Hy@tempcnt=\count319
LaTeX Info: Redefining \url on input line 5156.
\XeTeXLinkMargin=\dimen187
\Fld@menulength=\count320
\Field@Width=\dimen188
\Fld@charsize=\dimen189
Package hyperref Info: Hyper figures OFF on input line 6411.
Package hyperref Info: Link nesting OFF on input line 6416.
Package hyperref Info: Hyper index ON on input line 6419.
Package hyperref Info: backreferencing OFF on input line 6426.
Package hyperref Info: Link coloring ON on input line 6429.
Package hyperref Info: Link coloring with OCG OFF on input line 6436.
Package hyperref Info: PDF/A mode OFF on input line 6441.
LaTeX Info: Redefining \ref on input line 6481.
LaTeX Info: Redefining \pageref on input line 6485.
\Hy@abspage=\count321
\c@Item=\count322
\c@Hfootnote=\count323
)
Package hyperref Info: Driver: hpdftex.

(/usr/share/texlive/texmf-dist/tex/latex/hyperref/hpdftex.def
File: hpdftex.def 2019/06/12 v6.88h Hyperref driver for pdfTeX
\Fld@listcount=\count324
\c@bookmark@seq@number=\count325

(/usr/share/texlive/texmf-dist/tex/latex/oberdiek/rerunfilecheck.sty
Package: rerunfilecheck 2016/05/16 v1.8 Rerun checks for auxiliary files (HO)
Package uniquecounter Info: New unique counter `rerunfilecheck' on input line 2
82.
)
\Hy@SectionHShift=\skip82
)
(/usr/share/texlive/texmf-dist/tex/latex/oberdiek/hypcap.sty
Package: hypcap 2016/05/16 v1.12 Adjusting the anchors of captions (HO)
)
\enitdp@checklist=\count326


LaTeX Warning: Unused global option(s):
    [pdftex].

(./xbarto96.aux)
\openout1 = `xbarto96.aux'.

LaTeX Font Info:    Checking defaults for OML/cmm/m/it on input line 273.
LaTeX Font Info:    ... okay on input line 273.
LaTeX Font Info:    Checking defaults for T1/cmr/m/n on input line 273.
LaTeX Font Info:    ... okay on input line 273.
LaTeX Font Info:    Checking defaults for OT1/cmr/m/n on input line 273.
LaTeX Font Info:    ... okay on input line 273.
LaTeX Font Info:    Checking defaults for OMS/cmsy/m/n on input line 273.
LaTeX Font Info:    ... okay on input line 273.
LaTeX Font Info:    Checking defaults for OMX/cmex/m/n on input line 273.
LaTeX Font Info:    ... okay on input line 273.
LaTeX Font Info:    Checking defaults for U/cmr/m/n on input line 273.
LaTeX Font Info:    ... okay on input line 273.
LaTeX Font Info:    Checking defaults for PD1/pdf/m/n on input line 273.
LaTeX Font Info:    ... okay on input line 273.
LaTeX Font Info:    Checking defaults for PU/pdf/m/n on input line 273.
LaTeX Font Info:    ... okay on input line 273.
LaTeX Font Info:    Try loading font information for T1+lmr on input line 273.
 (/usr/share/texlive/texmf-dist/tex/latex/lm/t1lmr.fd
File: t1lmr.fd 2009/10/30 v1.6 Font defs for Latin Modern
)
ABD: EverySelectfont initializing macros
LaTeX Info: Redefining \selectfont on input line 273.

(/usr/share/texlive/texmf-dist/tex/context/base/mkii/supp-pdf.mkii
[Loading MPS to PDF converter (version 2006.09.02).]
\scratchcounter=\count327
\scratchdimen=\dimen190
\scratchbox=\box61
\nofMPsegments=\count328
\nofMParguments=\count329
\everyMPshowfont=\toks35
\MPscratchCnt=\count330
\MPscratchDim=\dimen191
\MPnumerator=\count331
\makeMPintoPDFobject=\count332
\everyMPtoPDFconversion=\toks36
) (/usr/share/texlive/texmf-dist/tex/latex/oberdiek/epstopdf-base.sty
Package: epstopdf-base 2016/05/15 v2.6 Base part for package epstopdf

(/usr/share/texlive/texmf-dist/tex/latex/oberdiek/grfext.sty
Package: grfext 2016/05/16 v1.2 Manage graphics extensions (HO)
)
Package epstopdf-base Info: Redefining graphics rule for `.eps' on input line 4
38.
Package grfext Info: Graphics extension search list:
(grfext)             [.pdf,.png,.jpg,.mps,.jpeg,.jbig2,.jb2,.PDF,.PNG,.JPG,.JPE
G,.JBIG2,.JB2,.eps]
(grfext)             \AppendGraphicsExtensions on input line 456.

(/usr/share/texlive/texmf-dist/tex/latex/latexconfig/epstopdf-sys.cfg
File: epstopdf-sys.cfg 2010/07/13 v1.3 Configuration of (r)epstopdf for TeX Liv
e
))
\AtBeginShipoutBox=\box62

(/usr/share/texlive/texmf-dist/tex/latex/oberdiek/pdflscape.sty
Package: pdflscape 2016/05/14 v0.11 Display of landscape pages in PDF (HO)

(/usr/share/texlive/texmf-dist/tex/latex/graphics/lscape.sty
Package: lscape 2000/10/22 v3.01 Landscape Pages (DPC)
)
Package pdflscape Info: Auto-detected driver: pdftex on input line 81.
)
\c@mv@tabular=\count333
\c@mv@boldtabular=\count334
\c@lstlisting=\count335
Package caption Info: Begin \AtBeginDocument code.
Package caption Info: hyperref package is loaded.
Package caption Info: hypcap package is loaded.
Package caption Info: End \AtBeginDocument code.
Package hyperref Info: Link coloring ON on input line 273.

(/usr/share/texlive/texmf-dist/tex/latex/hyperref/nameref.sty
Package: nameref 2016/05/21 v2.44 Cross-referencing by name of section

(/usr/share/texlive/texmf-dist/tex/generic/oberdiek/gettitlestring.sty
Package: gettitlestring 2016/05/16 v1.5 Cleanup title references (HO)
)
\c@section@level=\count336
)
LaTeX Info: Redefining \ref on input line 273.
LaTeX Info: Redefining \pageref on input line 273.
LaTeX Info: Redefining \nameref on input line 273.

(./xbarto96.out) (./xbarto96.out)
\@outlinefile=\write3
\openout3 = `xbarto96.out'.

LaTeX Font Info:    Try loading font information for T1+qhv on input line 279.

(/usr/share/texlive/texmf-dist/tex/latex/tex-gyre/t1qhv.fd
File: t1qhv.fd 2009/09/25 v1.2 font definition file for T1/qhv
)
\@obrlogo=\box63
\@rtext=\box64
\@vyskartext=\skip83
\@sirkartext=\skip84
\@vyskaobr=\skip85
\@sirkaobr=\skip86
<template-fig/VUT_symbol_barevne_CMYK_CZ.pdf, id=141, 167.13641pt x 165.87971pt
>
File: template-fig/VUT_symbol_barevne_CMYK_CZ.pdf Graphic file (type pdf)
<use template-fig/VUT_symbol_barevne_CMYK_CZ.pdf>
Package pdftex.def Info: template-fig/VUT_symbol_barevne_CMYK_CZ.pdf  used on i
nput line 279.
(pdftex.def)             Requested size: 116.65646pt x 115.17995pt.
LaTeX Font Info:    Try loading font information for T1+opensans-TLF on input l
ine 279.

(/usr/share/texlive/texmf-dist/tex/latex/opensans/T1opensans-TLF.fd
File: T1opensans-TLF.fd 2019/06/24 Font definitions for T1/opensans-TLF.
)
LaTeX Font Info:    Font shape `T1/opensans-TLF/m/n' will be
(Font)              scaled to size 18.0pt on input line 279.
LaTeX Font Info:    Font shape `T1/opensans-TLF/bx/n' in size <18> not availabl
e
(Font)              Font shape `T1/opensans-TLF/b/n' tried instead on input lin
e 279.
LaTeX Font Info:    Font shape `T1/opensans-TLF/b/n' will be
(Font)              scaled to size 18.0pt on input line 279.
LaTeX Font Info:    Font shape `T1/opensans-TLF/m/n' will be
(Font)              scaled to size 11.0pt on input line 279.
LaTeX Font Info:    Font shape `T1/opensans-TLF/bx/n' in size <11> not availabl
e
(Font)              Font shape `T1/opensans-TLF/b/n' tried instead on input lin
e 279.
LaTeX Font Info:    Font shape `T1/opensans-TLF/b/n' will be
(Font)              scaled to size 11.0pt on input line 279.
LaTeX Font Info:    Font shape `T1/opensans-TLF/m/n' will be
(Font)              scaled to size 14.0pt on input line 279.
LaTeX Font Info:    Font shape `T1/opensans-TLF/bx/n' in size <14> not availabl
e
(Font)              Font shape `T1/opensans-TLF/b/n' tried instead on input lin
e 279.
LaTeX Font Info:    Font shape `T1/opensans-TLF/b/n' will be
(Font)              scaled to size 14.0pt on input line 279.

Underfull \hbox (badness 1478) in paragraph at lines 279--279
\T1/opensans-TLF/b/n/18 KOMPLETNÕ êEíENÕ CHYTR… DOM¡C-NOSTI S
 []

<<ot1.cmap>><<oml.cmap>><<oms.cmap>><<omx.cmap>>
LaTeX Font Info:    Try loading font information for U+msa on input line 279.

(/usr/share/texlive/texmf-dist/tex/latex/amsfonts/umsa.fd
File: umsa.fd 2013/01/14 v3.01 AMS symbols A
)
LaTeX Font Info:    Try loading font information for U+msb on input line 279.

(/usr/share/texlive/texmf-dist/tex/latex/amsfonts/umsb.fd
File: umsb.fd 2013/01/14 v3.01 AMS symbols B
)
Underfull \vbox (badness 10000) detected at line 279
 []

LaTeX Font Info:    Font shape `T1/opensans-TLF/m/n' will be
(Font)              scaled to size 10.0pt on input line 279.
LaTeX Font Info:    Font shape `T1/opensans-TLF/bx/n' in size <10> not availabl
e
(Font)              Font shape `T1/opensans-TLF/b/n' tried instead on input lin
e 279.
LaTeX Font Info:    Font shape `T1/opensans-TLF/b/n' will be
(Font)              scaled to size 10.0pt on input line 279.


pdfTeX warning: pdflatex (file ./zadani.pdf): PDF inclusion: found PDF version 
<1.7>, but at most version <1.5> allowed
<zadani.pdf, id=147, 597.50829pt x 845.0471pt>
File: zadani.pdf Graphic file (type pdf)
<use zadani.pdf>
Package pdftex.def Info: zadani.pdf  used on input line 279.
(pdftex.def)             Requested size: 597.50682pt x 845.04504pt.


pdfTeX warning: pdflatex (file ./zadani.pdf): PDF inclusion: found PDF version 
<1.7>, but at most version <1.5> allowed
File: zadani.pdf Graphic file (type pdf)
<use zadani.pdf>
Package pdftex.def Info: zadani.pdf  used on input line 279.
(pdftex.def)             Requested size: 597.50682pt x 845.04504pt.


pdfTeX warning: pdflatex (file ./zadani.pdf): PDF inclusion: found PDF version 
<1.7>, but at most version <1.5> allowed


pdfTeX warning: pdflatex (file ./zadani.pdf): PDF inclusion: found PDF version 
<1.7>, but at most version <1.5> allowed
<zadani.pdf, id=150, page=1, 597.50829pt x 845.0471pt>
File: zadani.pdf Graphic file (type pdf)
<use zadani.pdf, page 1>
Package pdftex.def Info: zadani.pdf , page1 used on input line 279.
(pdftex.def)             Requested size: 597.50682pt x 845.04504pt.
File: zadani.pdf Graphic file (type pdf)
<use zadani.pdf, page 1>
Package pdftex.def Info: zadani.pdf , page1 used on input line 279.
(pdftex.def)             Requested size: 597.53416pt x 845.08372pt.
[1

{/usr/share/texlive/texmf-dist/fonts/map/pdftex/updmap/pdftex.map} <./template-
fig/VUT_symbol_barevne_CMYK_CZ.pdf>]
File: zadani.pdf Graphic file (type pdf)
<use zadani.pdf, page 1>
Package pdftex.def Info: zadani.pdf , page1 used on input line 279.
(pdftex.def)             Requested size: 597.53416pt x 845.08372pt.
File: zadani.pdf Graphic file (type pdf)
<use zadani.pdf, page 1>
Package pdftex.def Info: zadani.pdf , page1 used on input line 279.
(pdftex.def)             Requested size: 597.53416pt x 845.08372pt.
File: zadani.pdf Graphic file (type pdf)
<use zadani.pdf, page 1>
Package pdftex.def Info: zadani.pdf , page1 used on input line 279.
(pdftex.def)             Requested size: 597.53416pt x 845.08372pt.
 [2 <./zadani.pdf>] [3] [4]
(./xbarto96.toc)
\tf@toc=\write4
\openout4 = `xbarto96.toc'.

 (./xbarto96-01-kapitoly-chapters.texpdfTeX warning (ext4): destination with th
e same identifier (name{page.1}) has been already used, duplicate ignored
<to be read again> 
                   \relax 
l.1 \chapter
            {√övod} [1


]
Kapitola 1.
pdfTeX warning (ext4): destination with the same identifier (name{page.2}) has 
been already used, duplicate ignored
<to be read again> 
                   \relax 
l.38 \chapter
             {D≈Øle≈æit√© term√≠ny} [2

]
Kapitola 2.

Overfull \hbox (2.50365pt too wide) in paragraph at lines 41--46
\T1/lmr/m/n/10.95 pr·ce. Asi ne-jd∑le∫it•j≤Ì je pocho-pit kon-cept \T1/lmr/m/it
/10.95 IoT\T1/lmr/m/n/10.95 , kter˝ je pop-s·n v pod-kapi-tole [][]2.1[][]. V d
al≤Ìch
 []

pdfTeX warning (ext4): destination with the same identifier (name{page.3}) has 
been already used, duplicate ignored
<to be read again> 
                   \relax 
l.70 \newpage
              [3

]
Overfull \hbox (11.52968pt too wide) in paragraph at lines 75--78
\T1/lmr/m/n/10.95 Vestav•n˝ sys-tÈm, neboli \T1/lmr/m/it/10.95 Em-bed-ded sys-t
em \T1/lmr/m/n/10.95 je hard-warov˝ sys-tÈm, kter˝ je tzv. \T1/lmr/m/it/10.95 m
icroprocessor-
 []

<obrazky-figures/embedded_system.png, id=276, 881.2925pt x 1027.84pt>
File: obrazky-figures/embedded_system.png Graphic file (type png)
<use obrazky-figures/embedded_system.png>
Package pdftex.def Info: obrazky-figures/embedded_system.png  used on input lin
e 88.
(pdftex.def)             Requested size: 259.49171pt x 302.62988pt.
pdfTeX warning (ext4): destination with the same identifier (name{page.4}) has 
been already used, duplicate ignored
<to be read again> 
                   \relax 
l.95 \newpage
              [4 <./obrazky-figures/embedded_system.png>]
Overfull \hbox (1.7763pt too wide) in paragraph at lines 103--107
[]\T1/lmr/m/n/10.95 N·zev pro mikrokon-trolÈr byl velice vhodn• zave-den, pro-t
o∫e opravdu zd∑raz¨uje charak-
 []

<obrazky-figures/mcu.jpeg, id=291, 144.54pt x 150.5625pt>
File: obrazky-figures/mcu.jpeg Graphic file (type jpg)
<use obrazky-figures/mcu.jpeg>
Package pdftex.def Info: obrazky-figures/mcu.jpeg  used on input line 117.
(pdftex.def)             Requested size: 259.49171pt x 270.31845pt.
[5 <./obrazky-figures/mcu.jpeg>]
Underfull \hbox (badness 10000) in paragraph at lines 147--152

 []

LaTeX Font Info:    Try loading font information for OMS+lmr on input line 155.

(/usr/share/texlive/texmf-dist/tex/latex/lm/omslmr.fd
File: omslmr.fd 2009/10/30 v1.6 Font defs for Latin Modern
)
LaTeX Font Info:    Try loading font information for OMS+lmsy on input line 155
.

(/usr/share/texlive/texmf-dist/tex/latex/lm/omslmsy.fd
File: omslmsy.fd 2009/10/30 v1.6 Font defs for Latin Modern
)
LaTeX Font Info:    Font shape `OMS/lmr/m/n' in size <10.95> not available
(Font)              Font shape `OMS/lmsy/m/n' tried instead on input line 155.
 [6]
Overfull \hbox (7.46713pt too wide) in paragraph at lines 168--169
[]\T1/lmr/bx/n/10.95 SUBSCRIBE \T1/lmr/m/n/10.95 - neboli odb•r; klient po≤le t
uto zpr·vu bro-keru na ur£it˝ topic u kterÈho
 []

<obrazky-figures/mqtt_flow.png, id=328, 803.0pt x 872.25874pt>
File: obrazky-figures/mqtt_flow.png Graphic file (type png)
<use obrazky-figures/mqtt_flow.png>
Package pdftex.def Info: obrazky-figures/mqtt_flow.png  used on input line 176.

(pdftex.def)             Requested size: 302.73593pt x 328.85309pt.
[7 <./obrazky-figures/mqtt_flow.png>]
<obrazky-figures/mqtt_websocket.png, id=342, 845.1575pt x 360.34625pt>
File: obrazky-figures/mqtt_websocket.png Graphic file (type png)
<use obrazky-figures/mqtt_websocket.png>
Package pdftex.def Info: obrazky-figures/mqtt_websocket.png  used on input line
 202.
(pdftex.def)             Requested size: 432.4818pt x 184.40097pt.
 [8 <./obrazky-figures/mqtt_websocket.png>]
<obrazky-figures/OIDC.png, id=356, 444.66125pt x 210.7875pt>
File: obrazky-figures/OIDC.png Graphic file (type png)
<use obrazky-figures/OIDC.png>
Package pdftex.def Info: obrazky-figures/OIDC.png  used on input line 214.
(pdftex.def)             Requested size: 151.37126pt x 71.75363pt.
<obrazky-figures/json_example.png, id=361, 738.76pt x 792.9625pt>
File: obrazky-figures/json_example.png Graphic file (type png)
<use obrazky-figures/json_example.png>
Package pdftex.def Info: obrazky-figures/json_example.png  used on input line 2
39.
(pdftex.def)             Requested size: 194.61548pt x 208.8878pt.
 [9 <./obrazky-figures/OIDC.png> <./obrazky-figures/json_example.png>]
Underfull \hbox (badness 10000) in paragraph at lines 247--253

 []


Overfull \hbox (12.16576pt too wide) in paragraph at lines 253--255
[]\T1/lmr/bx/n/10.95 Klient - Server \T1/lmr/m/n/10.95 - Odd-•lenÌ u∫i-va-tel-s
kÈho rozhranÌ ze serverovÈ £·sti. Zlep≤enÌ p∞enositel-
 []


Overfull \hbox (9.56741pt too wide) in paragraph at lines 255--257
[]\T1/lmr/bx/n/10.95 Bezstavovost \T1/lmr/m/n/10.95 - Ka∫d˝ po∫a-davek od klien
ta na server musÌ ob-sa-ho-vat v≤echny nezbytnÈ
 []


Overfull \hbox (9.63194pt too wide) in paragraph at lines 257--259
\T1/lmr/m/n/10.95 Jestli∫e je odpov•§ \T1/lmr/m/it/10.95 cacheable\T1/lmr/m/n/1
0.95 , mezi-pam•¥ u klientskÈ ap-likace m· pr·vo b˝t znovupou∫ita
 []


Overfull \hbox (8.58705pt too wide) in paragraph at lines 259--260
[]\T1/lmr/bx/n/10.95 JednotnÈ rozhranÌ \T1/lmr/m/n/10.95 - Pou∫itÌm prin-cipu o
bec-nÈho soft-warovÈho in-∫en˝rstvÌ na rozhranÌ
 []

<obrazky-figures/restful.jpg, id=379, 853.1875pt x 640.3925pt>
File: obrazky-figures/restful.jpg Graphic file (type jpg)
<use obrazky-figures/restful.jpg>
Package pdftex.def Info: obrazky-figures/restful.jpg  used on input line 270.
(pdftex.def)             Requested size: 255.16267pt x 191.52316pt.
[10 <./obrazky-figures/restful.jpg>]
Kapitola 3.

Overfull \hbox (10.53688pt too wide) in paragraph at lines 286--288
\T1/lmr/m/n/10.95 KompletnÌch ∞e≤enÌ chytrÈ dom·c-nosti ex-is-tuje v dne≤nÌ dob
• u∫ opravdu nep∞e-bernÈ mno∫stvÌ.
 []

[11

]
Underfull \hbox (badness 10000) in paragraph at lines 309--317

 []

[12]
<obrazky-figures/navrh.png, id=412, 742.775pt x 596.2275pt>
File: obrazky-figures/navrh.png Graphic file (type png)
<use obrazky-figures/navrh.png>
Package pdftex.def Info: obrazky-figures/navrh.png  used on input line 347.
(pdftex.def)             Requested size: 345.98676pt x 277.7251pt.
 [13 <./obrazky-figures/navrh.png>]
Overfull \hbox (2.5091pt too wide) in paragraph at lines 400--405
\T1/lmr/m/n/10.95 dom·c-nos-tech, tudÌ∫ nem· speci-fiko-vanou jednu roli jako t
o ob£as b˝v· zvykem u serverov˝ch
 []

[14]
Underfull \hbox (badness 10000) in paragraph at lines 414--420

 []

<obrazky-figures/useCaseChild.png, id=441, 580.99411pt x 427.95177pt>
File: obrazky-figures/useCaseChild.png Graphic file (type png)
<use obrazky-figures/useCaseChild.png>
Package pdftex.def Info: obrazky-figures/useCaseChild.png  used on input line 4
28.
(pdftex.def)             Requested size: 172.99007pt x 127.42007pt.
<obrazky-figures/useCaseUser.png, id=442, 568.24059pt x 452.04176pt>
File: obrazky-figures/useCaseUser.png Graphic file (type png)
<use obrazky-figures/useCaseUser.png>
Package pdftex.def Info: obrazky-figures/useCaseUser.png  used on input line 43
5.
(pdftex.def)             Requested size: 172.99007pt x 137.61386pt.
<obrazky-figures/useCaseAdmin.png, id=443, 653.26411pt x 683.02235pt>
File: obrazky-figures/useCaseAdmin.png Graphic file (type png)
<use obrazky-figures/useCaseAdmin.png>
Package pdftex.def Info: obrazky-figures/useCaseAdmin.png  used on input line 4
42.
(pdftex.def)             Requested size: 172.99007pt x 180.86458pt.
[15 <./obrazky-figures/useCaseChild.png>]
Overfull \hbox (0.99431pt too wide) in paragraph at lines 451--459
\T1/lmr/m/n/10.95 perzis-tent-nÌho ob-sahu u za-∞ÌzenÌ. Anal˝za provozu a ko-mu
-nikace u za-∞ÌzenÌ slou∫Ì k vytv·∞enÌ
 []

[16 <./obrazky-figures/useCaseUser.png> <./obrazky-figures/useCaseAdmin.png>]
[17]
<obrazky-figures/erdiagram.png, id=475, 1142.14941pt x 721.28294pt>
File: obrazky-figures/erdiagram.png Graphic file (type png)
<use obrazky-figures/erdiagram.png>
Package pdftex.def Info: obrazky-figures/erdiagram.png  used on input line 530.

(pdftex.def)             Requested size: 389.23097pt x 245.80525pt.
 [18 <./obrazky-figures/erdiagram.png>]
<obrazky-figures/mockup.png, id=484, 1443.3925pt x 807.015pt>
File: obrazky-figures/mockup.png Graphic file (type png)
<use obrazky-figures/mockup.png>
Package pdftex.def Info: obrazky-figures/mockup.png  used on input line 559.
(pdftex.def)             Requested size: 389.23097pt x 217.61374pt.
 [19 <./obrazky-figures/mockup.png>]
Overfull \hbox (3.39555pt too wide) in paragraph at lines 573--578
\T1/lmr/m/n/10.95 dla∫dic jsou dos-tupnÈ mÌst-nosti ob-sa∫enÈ v dom·c-nosti. MÌ
st-nosti majÌ zase odli≤-nou nabÌdku
 []

[20]
Underfull \hbox (badness 10000) in paragraph at lines 613--618

 []

[21] [22]
Underfull \hbox (badness 10000) in paragraph at lines 682--688

 []

[23]
Kapitola 4.
<obrazky-figures/technologie.png, id=534, 722.7pt x 606.265pt>
File: obrazky-figures/technologie.png Graphic file (type png)
<use obrazky-figures/technologie.png>
Package pdftex.def Info: obrazky-figures/technologie.png  used on input line 70
6.
(pdftex.def)             Requested size: 389.23097pt x 326.5179pt.
[24

 <./obrazky-figures/technologie.png>]
Overfull \hbox (3.1789pt too wide) in paragraph at lines 714--717
\T1/lmr/m/n/10.95 Jak ji∫ bylo ∞e£eno v n·vrhu serverovÈ £·sti ∞e≤enÌ chytrÈ do
m·c-nosti, im-ple-men-tace serverovÈ
 []

<obrazky-figures/quarkus_logo.png, id=544, 1285.80376pt x 196.735pt>
File: obrazky-figures/quarkus_logo.png Graphic file (type png)
<use obrazky-figures/quarkus_logo.png>
Package pdftex.def Info: obrazky-figures/quarkus_logo.png  used on input line 7
23.
(pdftex.def)             Requested size: 194.61548pt x 29.77614pt.

Overfull \hbox (0.3917pt too wide) in paragraph at lines 734--738
\T1/lmr/m/it/10.95 atomic Java \T1/lmr/m/n/10.95 (nadzvukov· sub-atom·rnÌ Java)
. Tento frame-work je p∞Ìmo u≤it˝ pro GraalVM[][][][][]
 []

<obrazky-figures/quarkus_stats.png, id=556, 3112.62875pt x 1438.37375pt>
File: obrazky-figures/quarkus_stats.png Graphic file (type png)
<use obrazky-figures/quarkus_stats.png>
Package pdftex.def Info: obrazky-figures/quarkus_stats.png  used on input line 
750.
(pdftex.def)             Requested size: 432.4818pt x 199.83461pt.
[25 <./obrazky-figures/quarkus_logo.png>]
<obrazky-figures/vertx.png, id=576, 1204.5pt x 526.96875pt>
File: obrazky-figures/vertx.png Graphic file (type png)
<use obrazky-figures/vertx.png>
Package pdftex.def Info: obrazky-figures/vertx.png  used on input line 760.
(pdftex.def)             Requested size: 129.74585pt x 56.7606pt.
<obrazky-figures/hibernate.png, id=580, 301.125pt x 301.125pt>
File: obrazky-figures/hibernate.png Graphic file (type png)
<use obrazky-figures/hibernate.png>
Package pdftex.def Info: obrazky-figures/hibernate.png  used on input line 775.

(pdftex.def)             Requested size: 86.49503pt x 86.49695pt.
 [26 <./obrazky-figures/quarkus_stats.png> <./obrazky-figures/vertx.png> <./obr
azky-figures/hibernate.png>]
<obrazky-figures/post.png, id=599, 234.8775pt x 182.6825pt>
File: obrazky-figures/post.png Graphic file (type png)
<use obrazky-figures/post.png>
Package pdftex.def Info: obrazky-figures/post.png  used on input line 796.
(pdftex.def)             Requested size: 86.49503pt x 67.27368pt.
 [27 <./obrazky-figures/post.png>]
<obrazky-figures/react.png, id=621, 1465.475pt x 1007.765pt>
File: obrazky-figures/react.png Graphic file (type png)
<use obrazky-figures/react.png>
Package pdftex.def Info: obrazky-figures/react.png  used on input line 819.
(pdftex.def)             Requested size: 129.74585pt x 89.21872pt.
<obrazky-figures/mobx.png, id=627, 803.0pt x 803.0pt>
File: obrazky-figures/mobx.png Graphic file (type png)
<use obrazky-figures/mobx.png>
Package pdftex.def Info: obrazky-figures/mobx.png  used on input line 834.
(pdftex.def)             Requested size: 43.25081pt x 43.24005pt.
 [28 <./obrazky-figures/react.png> <./obrazky-figures/mobx.png>]
<obrazky-figures/esp_standalone.png, id=652, 104.5506pt x 91.7829pt>
File: obrazky-figures/esp_standalone.png Graphic file (type png)
<use obrazky-figures/esp_standalone.png>
Package pdftex.def Info: obrazky-figures/esp_standalone.png  used on input line
 871.
(pdftex.def)             Requested size: 86.49503pt x 75.9347pt.
<obrazky-figures/raspberry.png, id=655, 1300.86pt x 869.2475pt>
File: obrazky-figures/raspberry.png Graphic file (type png)
<use obrazky-figures/raspberry.png>
Package pdftex.def Info: obrazky-figures/raspberry.png  used on input line 890.

(pdftex.def)             Requested size: 216.24089pt x 144.494pt.
 [29 <./obrazky-figures/esp_standalone.png>]
<obrazky-figures/keycloak2.png, id=668, 361.35pt x 239.2137pt>
File: obrazky-figures/keycloak2.png Graphic file (type png)
<use obrazky-figures/keycloak2.png>
Package pdftex.def Info: obrazky-figures/keycloak2.png  used on input line 908.

(pdftex.def)             Requested size: 108.12044pt x 71.57484pt.
 [30 <./obrazky-figures/raspberry.png> <./obrazky-figures/keycloak2.png>]
<obrazky-figures/keycloak_flow.png, id=688, 844.15375pt x 593.21625pt>
File: obrazky-figures/keycloak_flow.png Graphic file (type png)
<use obrazky-figures/keycloak_flow.png>
Package pdftex.def Info: obrazky-figures/keycloak_flow.png  used on input line 
931.
(pdftex.def)             Requested size: 345.98676pt x 243.13876pt.

Overfull \hbox (7.68175pt too wide) in paragraph at lines 943--947
\T1/lmr/m/n/10.95 dard-nÌch op-er-acÌ nad pro-tokolem \T1/lmr/m/it/10.95 MQTT \
T1/lmr/m/n/10.95 (\T1/lmr/m/it/10.95 MQTT klient\T1/lmr/m/n/10.95 ). Pro server
ovou £·st a pro klientskou
 []

[31 <./obrazky-figures/keycloak_flow.png>]
<obrazky-figures/hivemq_arch.png, id=698, 1490.56876pt x 747.79375pt>
File: obrazky-figures/hivemq_arch.png Graphic file (type png)
<use obrazky-figures/hivemq_arch.png>
Package pdftex.def Info: obrazky-figures/hivemq_arch.png  used on input line 96
6.
(pdftex.def)             Requested size: 432.4818pt x 216.96873pt.
<obrazky-figures/paho.png, id=701, 144.54pt x 45.5301pt>
File: obrazky-figures/paho.png Graphic file (type png)
<use obrazky-figures/paho.png>
Package pdftex.def Info: obrazky-figures/paho.png  used on input line 975.
(pdftex.def)             Requested size: 86.49503pt x 27.246pt.
 [32 <./obrazky-figures/hivemq_arch.png> <./obrazky-figures/paho.png>]
Kapitola 5.
[33

] [34] (/usr/share/texlive/texmf-dist/tex/latex/listings/lstlang1.sty
File: lstlang1.sty 2019/02/27 1.8b listings language file
)
(/usr/share/texlive/texmf-dist/tex/latex/listings/lstmisc.sty
File: lstmisc.sty 2019/02/27 1.8b (Carsten Heinz)
)
LaTeX Font Info:    Try loading font information for T1+lmtt on input line 1068
.

(/usr/share/texlive/texmf-dist/tex/latex/lm/t1lmtt.fd
File: t1lmtt.fd 2009/10/30 v1.6 Font defs for Latin Modern
)
LaTeX Font Info:    Font shape `T1/lmtt/bx/n' in size <10.95> not available
(Font)              Font shape `T1/lmtt/b/n' tried instead on input line 1074.
 [35] [36] [37] [38]
Overfull \hbox (1.43979pt too wide) in paragraph at lines 1218--1221
[]\T1/lmr/m/n/10.95 Entita vyz-na£u-jÌcÌ dom·c-nost ob-sahuje mno∫inu mÌst-nost
Ì, kterÈ jsou p∞ipo-jeny k dom·c-
 []

[39]
LaTeX Font Info:    Font shape `T1/lmtt/bx/n' in size <9> not available
(Font)              Font shape `T1/lmtt/b/n' tried instead on input line 1271.

Underfull \hbox (badness 10000) in paragraph at lines 1287--1290

 []

[40]
<obrazky-figures/actualView.png, id=895, 1927.2pt x 957.5775pt>
File: obrazky-figures/actualView.png Graphic file (type png)
<use obrazky-figures/actualView.png>
Package pdftex.def Info: obrazky-figures/actualView.png  used on input line 132
9.
(pdftex.def)             Requested size: 432.4818pt x 214.8758pt.
 [41 <./obrazky-figures/actualView.png>]
Overfull \hbox (1.94762pt too wide) in paragraph at lines 1342--1344
[]\T1/lmr/m/n/10.95 Do prvnÌ kat-e-gorie pat∞Ì ˙s-porn· za-∞ÌzenÌ, kter· vyu∫Ì-
vajÌ modul \T1/lmr/m/it/10.95 ESP-01\T1/lmr/m/n/10.95 , kter˝ disponuje
 []

<obrazky-figures/esp-01.png, id=925, 401.5pt x 200.75pt>
File: obrazky-figures/esp-01.png Graphic file (type png)
<use obrazky-figures/esp-01.png>
Package pdftex.def Info: obrazky-figures/esp-01.png  used on input line 1360.
(pdftex.def)             Requested size: 172.99336pt x 86.49847pt.
<obrazky-figures/wemos.png, id=928, 889.3225pt x 630.355pt>
File: obrazky-figures/wemos.png Graphic file (type png)
<use obrazky-figures/wemos.png>
Package pdftex.def Info: obrazky-figures/wemos.png  used on input line 1368.
(pdftex.def)             Requested size: 151.36795pt x 107.28397pt.

Underfull \hbox (badness 7064) in paragraph at lines 1369--1369
[]\T1/lmr/m/n/10.95 Obr·zek 5.3: |Modul We-mos D1 mini.
 []

[42 <./obrazky-figures/esp-01.png> <./obrazky-figures/wemos.png>]
Kapitola 6.

Overfull \hbox (5.15585pt too wide) in paragraph at lines 1380--1384
\T1/lmr/m/n/10.95 kapitole [][]6.3[][] jsou zahrnuta vylep≤enÌ, kter· by mohla 
b˝t do bu-doucna vykon·na pro vytvo∞enÌ
 []

[43

] [44] [45] [46]
Kapitola 7.
) (./xbarto96.bbl [47

] [48

])
\c@ttl@toc@chapters=\count337
 (./xbarto96-30-prilohy-appendices.tex [49]
P\IeC {\v r}\IeC {\'\i }loha A.
<obrazky-figures/screen/login.png, id=1031, 1911.14pt x 957.5775pt>
File: obrazky-figures/screen/login.png Graphic file (type png)
<use obrazky-figures/screen/login.png>
Package pdftex.def Info: obrazky-figures/screen/login.png  used on input line 1
3.
(pdftex.def)             Requested size: 432.4818pt x 216.6876pt.
<obrazky-figures/screen/keycloak.png, id=1032, 1925.1925pt x 957.5775pt>
File: obrazky-figures/screen/keycloak.png Graphic file (type png)
<use obrazky-figures/screen/keycloak.png>
Package pdftex.def Info: obrazky-figures/screen/keycloak.png  used on input lin
e 20.
(pdftex.def)             Requested size: 432.4818pt x 215.10957pt.
<obrazky-figures/screen/welcome.png, id=1033, 1928.20375pt x 954.56625pt>
File: obrazky-figures/screen/welcome.png Graphic file (type png)
<use obrazky-figures/screen/welcome.png>
Package pdftex.def Info: obrazky-figures/screen/welcome.png  used on input line
 27.
(pdftex.def)             Requested size: 432.4818pt x 214.09813pt.
File: obrazky-figures/actualView.png Graphic file (type png)
<use obrazky-figures/actualView.png>
Package pdftex.def Info: obrazky-figures/actualView.png  used on input line 34.

(pdftex.def)             Requested size: 432.4818pt x 214.8758pt.
<obrazky-figures/screen/device.png, id=1034, 1928.20375pt x 955.57pt>
File: obrazky-figures/screen/device.png Graphic file (type png)
<use obrazky-figures/screen/device.png>
Package pdftex.def Info: obrazky-figures/screen/device.png  used on input line 
41.
(pdftex.def)             Requested size: 432.4818pt x 214.32326pt.
[50

 <./obrazky-figures/screen/login.png>] [51 <./obrazky-figures/screen/keycloak.p
ng> <./obrazky-figures/screen/welcome.png>] [52 <./obrazky-figures/screen/devic
e.png>]
P\IeC {\v r}\IeC {\'\i }loha B.

Overfull \hbox (2.45464pt too wide) in paragraph at lines 52--56
\T1/lmr/m/n/10.95 vyve-dena ex-tern• z desky pro p∞Ì-pad-nou up-ravo-vatel-nost
 schop-nosti za-∞ÌzenÌ. Na obr·zku [][]B.2[][]
 []

<obrazky-figures/schematicNew.png, id=1061, 1067.99pt x 741.77126pt>
File: obrazky-figures/schematicNew.png Graphic file (type png)
<use obrazky-figures/schematicNew.png>
Package pdftex.def Info: obrazky-figures/schematicNew.png  used on input line 5
9.
(pdftex.def)             Requested size: 432.4818pt x 300.38176pt.
<obrazky-figures/dps.png, id=1062, 390.45876pt x 288.07625pt>
File: obrazky-figures/dps.png Graphic file (type png)
<use obrazky-figures/dps.png>
Package pdftex.def Info: obrazky-figures/dps.png  used on input line 66.
(pdftex.def)             Requested size: 302.73593pt x 223.36667pt.
<obrazky-figures/testDevice.jpg, id=1063, 4015.0pt x 3011.25pt>
File: obrazky-figures/testDevice.jpg Graphic file (type jpg)
<use obrazky-figures/testDevice.jpg>
Package pdftex.def Info: obrazky-figures/testDevice.jpg  used on input line 73.

(pdftex.def)             Requested size: 389.23097pt x 291.9071pt.
)
\tf@ptc=\write5
\openout5 = `xbarto96.ptc'.

Package atveryend Info: Empty hook `BeforeClearDocument' on input line 417.
 [53

 <./obrazky-figures/schematicNew.png>] [54 <./obrazky-figures/dps.png> <./obraz
ky-figures/testDevice.jpg>]
Package atveryend Info: Empty hook `AfterLastShipout' on input line 417.
 (./xbarto96.aux)
Package atveryend Info: Executing hook `AtVeryEndDocument' on input line 417.
Package atveryend Info: Executing hook `AtEndAfterFileList' on input line 417.
Package rerunfilecheck Info: File `xbarto96.out' has not changed.
(rerunfilecheck)             Checksum: 3F5B8B957B3ED083D0A03D6421D7C326;4971.
 ) 
Here is how much of TeX's memory you used:
 27709 strings out of 494553
 456985 string characters out of 6177319
 730276 words of memory out of 5000000
 30534 multiletter control sequences out of 15000+600000
 646009 words of font info for 108 fonts, out of 8000000 for 9000
 14 hyphenation exceptions out of 8191
 59i,18n,97p,791b,1267s stack positions out of 5000i,500n,10000p,200000b,80000s
{/usr/share/texlive/texmf-dist/fonts/enc/dvips/lm/lm-ec.enc}{/usr/share/texli
ve/texmf-dist/fonts/enc/dvips/lm/lm-mathsy.enc}{/usr/share/texlive/texmf-dist/f
onts/enc/dvips/opensans/a_jg4h6q.enc}</usr/share/texlive/texmf-dist/fonts/type1
/ascender/opensans/OpenSans-Bold.pfb></usr/share/texlive/texmf-dist/fonts/type1
/public/amsfonts/cm/cmmi10.pfb></usr/share/texlive/texmf-dist/fonts/type1/publi
c/amsfonts/cm/cmmi9.pfb></usr/share/texlive/texmf-dist/fonts/type1/public/lm/lm
bx10.pfb></usr/share/texlive/texmf-dist/fonts/type1/public/lm/lmbx12.pfb></usr/
share/texlive/texmf-dist/fonts/type1/public/lm/lmbx9.pfb></usr/share/texlive/te
xmf-dist/fonts/type1/public/lm/lmbxi10.pfb></usr/share/texlive/texmf-dist/fonts
/type1/public/lm/lmcsc10.pfb></usr/share/texlive/texmf-dist/fonts/type1/public/
lm/lmr10.pfb></usr/share/texlive/texmf-dist/fonts/type1/public/lm/lmr6.pfb></us
r/share/texlive/texmf-dist/fonts/type1/public/lm/lmr8.pfb></usr/share/texlive/t
exmf-dist/fonts/type1/public/lm/lmr9.pfb></usr/share/texlive/texmf-dist/fonts/t
ype1/public/lm/lmri10.pfb></usr/share/texlive/texmf-dist/fonts/type1/public/lm/
lmri9.pfb></usr/share/texlive/texmf-dist/fonts/type1/public/lm/lmsy10.pfb></usr
/share/texlive/texmf-dist/fonts/type1/public/lm/lmtk10.pfb></usr/share/texlive/
texmf-dist/fonts/type1/public/lm/lmtt10.pfb></usr/share/texlive/texmf-dist/font
s/type1/public/lm/lmtt9.pfb>
Output written on xbarto96.pdf (58 pages, 10222489 bytes).
PDF statistics:
 1220 PDF objects out of 1440 (max. 8388607)
 1009 compressed objects within 11 object streams
 378 named destinations out of 1000 (max. 500000)
 509 words of extra memory for PDF output out of 10000 (max. 10000000)

